                                 Started job on |	Apr 03 18:42:31
                             Started mapping on |	Apr 03 18:43:00
                                    Finished on |	Apr 03 18:43:04
       Mapping speed, Million of reads per hour |	32.72

                          Number of input reads |	36361
                      Average input read length |	93
                                    UNIQUE READS:
                   Uniquely mapped reads number |	32352
                        Uniquely mapped reads % |	88.97%
                          Average mapped length |	93.48
                       Number of splices: Total |	3
            Number of splices: Annotated (sjdb) |	1
                       Number of splices: GT/AG |	2
                       Number of splices: GC/AG |	0
                       Number of splices: AT/AC |	0
               Number of splices: Non-canonical |	1
                      Mismatch rate per base, % |	0.07%
                         Deletion rate per base |	0.00%
                        Deletion average length |	1.44
                        Insertion rate per base |	0.00%
                       Insertion average length |	1.00
                             MULTI-MAPPING READS:
        Number of reads mapped to multiple loci |	1851
             % of reads mapped to multiple loci |	5.09%
        Number of reads mapped to too many loci |	248
             % of reads mapped to too many loci |	0.68%
                                  UNMAPPED READS:
  Number of reads unmapped: too many mismatches |	0
       % of reads unmapped: too many mismatches |	0.00%
            Number of reads unmapped: too short |	938
                 % of reads unmapped: too short |	2.58%
                Number of reads unmapped: other |	972
                     % of reads unmapped: other |	2.67%
                                  CHIMERIC READS:
                       Number of chimeric reads |	0
                            % of chimeric reads |	0.00%
